#
# There is insufficient memory for the Java Runtime Environment to continue.
# Native memory allocation (malloc) failed to allocate 1167424 bytes for Chunk::new
# Possible reasons:
#   The system is out of physical RAM or swap space
#   The process is running with CompressedOops enabled, and the Java Heap may be blocking the growth of the native heap
# Possible solutions:
#   Reduce memory load on the system
#   Increase physical memory or swap space
#   Check if swap backing store is full
#   Decrease Java heap size (-Xmx/-Xms)
#   Decrease number of Java threads
#   Decrease Java thread stack sizes (-Xss)
#   Set larger code cache with -XX:ReservedCodeCacheSize=
#   JVM is running with Zero Based Compressed Oops mode in which the Java heap is
#     placed in the first 32GB address space. The Java Heap base address is the
#     maximum limit for the native heap growth. Please use -XX:HeapBaseMinAddress
#     to set the Java Heap base and to place the Java Heap above 32GB virtual address.
# This output file may be truncated or incomplete.
#
#  Out of Memory Error (arena.cpp:195), pid=15736, tid=5756
#
# JRE version: OpenJDK Runtime Environment (16.0.1+9) (build 16.0.1+9-24)
# Java VM: OpenJDK 64-Bit Server VM (16.0.1+9-24, mixed mode, tiered, compressed oops, compressed class ptrs, g1 gc, windows-amd64)
# No core dump will be written. Minidumps are not enabled by default on client versions of Windows
#

---------------  S U M M A R Y ------------

Command Line: -Dmaven.home=EMBEDDED -Dclassworlds.conf=E:\Rajan Data\.metadata\.plugins\org.eclipse.m2e.launching\launches\m2conf3332868609603579882.tmp -Dmaven.multiModuleProjectDirectory=E:\Rajan Data\AzmoonBillingThread21To30 -Dfile.encoding=Cp1252 -XX:+ShowCodeDetailsInExceptionMessages org.codehaus.plexus.classworlds.launcher.Launcher -Ppom.xml -B package

Host: Intel(R) Core(TM) i5-4300U CPU @ 1.90GHz, 4 cores, 11G,  Windows 10 , 64 bit Build 19041 (10.0.19041.3155)
Time: Fri Aug  4 19:39:41 2023 India Standard Time elapsed time: 6.320379 seconds (0d 0h 0m 6s)

---------------  T H R E A D  ---------------

Current thread (0x000001d477ae5ac0):  JavaThread "C2 CompilerThread1" daemon [_thread_in_native, id=5756, stack(0x0000000e16500000,0x0000000e16600000)]


Current CompileTask:
C2:   6320 4157       4       org.apache.maven.model.inheritance.DefaultInheritanceAssembler$InheritanceModelMerger::mergePlugin (71 bytes)

Stack: [0x0000000e16500000,0x0000000e16600000]
Native frames: (J=compiled Java code, j=interpreted, Vv=VM code, C=native code)
V  [jvm.dll+0x6687ca]
V  [jvm.dll+0x7ca3c9]
V  [jvm.dll+0x7cbb53]
V  [jvm.dll+0x7cc1b3]
V  [jvm.dll+0x242ea5]
V  [jvm.dll+0xadeca]
V  [jvm.dll+0xae5ac]
V  [jvm.dll+0x35af27]
V  [jvm.dll+0x1b9d3a]
V  [jvm.dll+0x216066]
V  [jvm.dll+0x215350]
V  [jvm.dll+0x1a1d9b]
V  [jvm.dll+0x2253a8]
V  [jvm.dll+0x2233ec]
V  [jvm.dll+0x780002]
V  [jvm.dll+0x779b4a]
V  [jvm.dll+0x667666]
C  [ucrtbase.dll+0x21bb2]
C  [KERNEL32.DLL+0x17614]
C  [ntdll.dll+0x526b1]


---------------  P R O C E S S  ---------------

Threads class SMR info:
_java_thread_list=0x000001d477921a60, length=18, elements={
0x000001d45a869b50, 0x000001d4763fb950, 0x000001d4763fc460, 0x000001d47644e180,
0x000001d47700f820, 0x000001d477011e50, 0x000001d477014770, 0x000001d4770153b0,
0x000001d47707cec0, 0x000001d477097ba0, 0x000001d47719ea70, 0x000001d4771b92d0,
0x000001d477ae5ac0, 0x000001d47b2f1010, 0x000001d47b2f1530, 0x000001d47b2f9b80,
0x000001d4791a3d60, 0x000001d47aefe190
}

Java Threads: ( => current thread )
  0x000001d45a869b50 JavaThread "main" [_thread_in_native, id=16028, stack(0x0000000e14f00000,0x0000000e15000000)]
  0x000001d4763fb950 JavaThread "Reference Handler" daemon [_thread_blocked, id=16464, stack(0x0000000e15600000,0x0000000e15700000)]
  0x000001d4763fc460 JavaThread "Finalizer" daemon [_thread_blocked, id=11244, stack(0x0000000e15700000,0x0000000e15800000)]
  0x000001d47644e180 JavaThread "Signal Dispatcher" daemon [_thread_blocked, id=880, stack(0x0000000e15800000,0x0000000e15900000)]
  0x000001d47700f820 JavaThread "Attach Listener" daemon [_thread_blocked, id=17144, stack(0x0000000e15900000,0x0000000e15a00000)]
  0x000001d477011e50 JavaThread "Service Thread" daemon [_thread_blocked, id=16168, stack(0x0000000e15a00000,0x0000000e15b00000)]
  0x000001d477014770 JavaThread "Monitor Deflation Thread" daemon [_thread_blocked, id=1248, stack(0x0000000e15b00000,0x0000000e15c00000)]
  0x000001d4770153b0 JavaThread "C2 CompilerThread0" daemon [_thread_in_native, id=1928, stack(0x0000000e15c00000,0x0000000e15d00000)]
  0x000001d47707cec0 JavaThread "C1 CompilerThread0" daemon [_thread_blocked, id=17700, stack(0x0000000e15d00000,0x0000000e15e00000)]
  0x000001d477097ba0 JavaThread "Sweeper thread" daemon [_thread_blocked, id=1740, stack(0x0000000e15e00000,0x0000000e15f00000)]
  0x000001d47719ea70 JavaThread "Notification Thread" daemon [_thread_blocked, id=12956, stack(0x0000000e15f00000,0x0000000e16000000)]
  0x000001d4771b92d0 JavaThread "Common-Cleaner" daemon [_thread_blocked, id=9684, stack(0x0000000e16100000,0x0000000e16200000)]
=>0x000001d477ae5ac0 JavaThread "C2 CompilerThread1" daemon [_thread_in_native, id=5756, stack(0x0000000e16500000,0x0000000e16600000)]
  0x000001d47b2f1010 JavaThread "resolver-1" daemon [_thread_blocked, id=6944, stack(0x0000000e16600000,0x0000000e16700000)]
  0x000001d47b2f1530 JavaThread "resolver-2" daemon [_thread_blocked, id=17088, stack(0x0000000e16700000,0x0000000e16800000)]
  0x000001d47b2f9b80 JavaThread "resolver-3" daemon [_thread_blocked, id=3724, stack(0x0000000e16800000,0x0000000e16900000)]
  0x000001d4791a3d60 JavaThread "resolver-4" daemon [_thread_blocked, id=11676, stack(0x0000000e16900000,0x0000000e16a00000)]
  0x000001d47aefe190 JavaThread "resolver-5" daemon [_thread_blocked, id=8672, stack(0x0000000e16a00000,0x0000000e16b00000)]

Other Threads:
  0x000001d4764184e0 VMThread "VM Thread" [stack: 0x0000000e15500000,0x0000000e15600000] [id=11808]
  0x000001d4771a2fb0 WatcherThread [stack: 0x0000000e16000000,0x0000000e16100000] [id=17228]
  0x000001d45a8ae8b0 GCTaskThread "GC Thread#0" [stack: 0x0000000e15000000,0x0000000e15100000] [id=10136]
  0x000001d477a5aa30 GCTaskThread "GC Thread#1" [stack: 0x0000000e16200000,0x0000000e16300000] [id=14468]
  0x000001d477a5ad40 GCTaskThread "GC Thread#2" [stack: 0x0000000e16300000,0x0000000e16400000] [id=7880]
  0x000001d477769840 GCTaskThread "GC Thread#3" [stack: 0x0000000e16400000,0x0000000e16500000] [id=17780]
  0x000001d45a8bc010 ConcurrentGCThread "G1 Main Marker" [stack: 0x0000000e15100000,0x0000000e15200000] [id=10560]
  0x000001d45a8bcb00 ConcurrentGCThread "G1 Conc#0" [stack: 0x0000000e15200000,0x0000000e15300000] [id=18048]
  0x000001d45a93e140 ConcurrentGCThread "G1 Refine#0" [stack: 0x0000000e15300000,0x0000000e15400000] [id=17128]
  0x000001d45a93eb50 ConcurrentGCThread "G1 Service" [stack: 0x0000000e15400000,0x0000000e15500000] [id=16904]

Threads with active compile tasks:
C2 CompilerThread0     6358 4254       4       org.codehaus.plexus.classworlds.realm.Entry::matches (282 bytes)
C2 CompilerThread1     6358 4157       4       org.apache.maven.model.inheritance.DefaultInheritanceAssembler$InheritanceModelMerger::mergePlugin (71 bytes)

VM state: not at safepoint (normal execution)

VM Mutex/Monitor currently owned by a thread: None

Heap address: 0x0000000741800000, size: 3048 MB, Compressed Oops mode: Zero based, Oop shift amount: 3

CDS disabled.
Compressed class space mapped at: 0x0000000800000000-0x0000000840000000, reserved size: 1073741824
Narrow klass base: 0x0000000800000000, Narrow klass shift: 0, Narrow klass range: 0x40000000

GC Precious Log:
 CPUs: 4 total, 4 available
 Memory: 12185M
 Large Page Support: Disabled
 NUMA Support: Disabled
 Compressed Oops: Enabled (Zero based)
 Heap Region Size: 2M
 Heap Min Capacity: 8M
 Heap Initial Capacity: 192M
 Heap Max Capacity: 3048M
 Pre-touch: Disabled
 Parallel Workers: 4
 Concurrent Workers: 1
 Concurrent Refinement Workers: 4
 Periodic GC: Disabled

Heap:
 garbage-first heap   total 112640K, used 57814K [0x0000000741800000, 0x0000000800000000)
  region size 2048K, 24 young (49152K), 2 survivors (4096K)
 Metaspace       used 26196K, committed 26432K, reserved 1073152K
  class space    used 2565K, committed 2688K, reserved 1048576K

Heap Regions: E=young(eden), S=young(survivor), O=old, HS=humongous(starts), HC=humongous(continues), CS=collection set, F=free, OA=open archive, CA=closed archive, TAMS=top-at-mark-start (previous, next)
|   0|0x0000000741800000, 0x0000000741a00000, 0x0000000741a00000|100%| O|  |TAMS 0x0000000741a00000, 0x0000000741800000| Untracked 
|   1|0x0000000741a00000, 0x0000000741b17800, 0x0000000741c00000| 54%| O|  |TAMS 0x0000000741b17800, 0x0000000741a00000| Untracked 
|   2|0x0000000741c00000, 0x0000000741e00000, 0x0000000741e00000|100%| O|  |TAMS 0x0000000741e00000, 0x0000000741c00000| Untracked 
|   3|0x0000000741e00000, 0x0000000742000000, 0x0000000742000000|100%| O|  |TAMS 0x0000000742000000, 0x0000000741e00000| Untracked 
|   4|0x0000000742000000, 0x0000000742200000, 0x0000000742200000|100%| O|  |TAMS 0x0000000742200000, 0x0000000742000000| Untracked 
|   5|0x0000000742200000, 0x0000000742400000, 0x0000000742400000|100%| O|  |TAMS 0x0000000742400000, 0x0000000742200000| Untracked 
|   6|0x0000000742400000, 0x0000000742400000, 0x0000000742600000|  0%| F|  |TAMS 0x0000000742400000, 0x0000000742400000| Untracked 
|   7|0x0000000742600000, 0x0000000742600000, 0x0000000742800000|  0%| F|  |TAMS 0x0000000742600000, 0x0000000742600000| Untracked 
|   8|0x0000000742800000, 0x0000000742800000, 0x0000000742a00000|  0%| F|  |TAMS 0x0000000742800000, 0x0000000742800000| Untracked 
|   9|0x0000000742a00000, 0x0000000742a00000, 0x0000000742c00000|  0%| F|  |TAMS 0x0000000742a00000, 0x0000000742a00000| Untracked 
|  10|0x0000000742c00000, 0x0000000742c00000, 0x0000000742e00000|  0%| F|  |TAMS 0x0000000742c00000, 0x0000000742c00000| Untracked 
|  11|0x0000000742e00000, 0x0000000742e00000, 0x0000000743000000|  0%| F|  |TAMS 0x0000000742e00000, 0x0000000742e00000| Untracked 
|  12|0x0000000743000000, 0x00000007430dac00, 0x0000000743200000| 42%| O|  |TAMS 0x00000007430dac00, 0x0000000743000000| Untracked 
|  13|0x0000000743200000, 0x0000000743200000, 0x0000000743400000|  0%| F|  |TAMS 0x0000000743200000, 0x0000000743200000| Untracked 
|  14|0x0000000743400000, 0x0000000743400000, 0x0000000743600000|  0%| F|  |TAMS 0x0000000743400000, 0x0000000743400000| Untracked 
|  15|0x0000000743600000, 0x0000000743600000, 0x0000000743800000|  0%| F|  |TAMS 0x0000000743600000, 0x0000000743600000| Untracked 
|  16|0x0000000743800000, 0x0000000743800000, 0x0000000743a00000|  0%| F|  |TAMS 0x0000000743800000, 0x0000000743800000| Untracked 
|  17|0x0000000743a00000, 0x0000000743a00000, 0x0000000743c00000|  0%| F|  |TAMS 0x0000000743a00000, 0x0000000743a00000| Untracked 
|  18|0x0000000743c00000, 0x0000000743c00000, 0x0000000743e00000|  0%| F|  |TAMS 0x0000000743c00000, 0x0000000743c00000| Untracked 
|  19|0x0000000743e00000, 0x0000000743e00000, 0x0000000744000000|  0%| F|  |TAMS 0x0000000743e00000, 0x0000000743e00000| Untracked 
|  20|0x0000000744000000, 0x0000000744000000, 0x0000000744200000|  0%| F|  |TAMS 0x0000000744000000, 0x0000000744000000| Untracked 
|  21|0x0000000744200000, 0x0000000744200000, 0x0000000744400000|  0%| F|  |TAMS 0x0000000744200000, 0x0000000744200000| Untracked 
|  22|0x0000000744400000, 0x0000000744400000, 0x0000000744600000|  0%| F|  |TAMS 0x0000000744400000, 0x0000000744400000| Untracked 
|  23|0x0000000744600000, 0x0000000744600000, 0x0000000744800000|  0%| F|  |TAMS 0x0000000744600000, 0x0000000744600000| Untracked 
|  24|0x0000000744800000, 0x0000000744800000, 0x0000000744a00000|  0%| F|  |TAMS 0x0000000744800000, 0x0000000744800000| Untracked 
|  25|0x0000000744a00000, 0x0000000744a00000, 0x0000000744c00000|  0%| F|  |TAMS 0x0000000744a00000, 0x0000000744a00000| Untracked 
|  26|0x0000000744c00000, 0x0000000744c00000, 0x0000000744e00000|  0%| F|  |TAMS 0x0000000744c00000, 0x0000000744c00000| Untracked 
|  27|0x0000000744e00000, 0x0000000744e00000, 0x0000000745000000|  0%| F|  |TAMS 0x0000000744e00000, 0x0000000744e00000| Untracked 
|  28|0x0000000745000000, 0x0000000745000000, 0x0000000745200000|  0%| F|  |TAMS 0x0000000745000000, 0x0000000745000000| Untracked 
|  29|0x0000000745200000, 0x0000000745200000, 0x0000000745400000|  0%| F|  |TAMS 0x0000000745200000, 0x0000000745200000| Untracked 
|  30|0x0000000745400000, 0x0000000745400000, 0x0000000745600000|  0%| F|  |TAMS 0x0000000745400000, 0x0000000745400000| Untracked 
|  31|0x0000000745600000, 0x000000074573dfb0, 0x0000000745800000| 62%| E|  |TAMS 0x0000000745600000, 0x0000000745600000| Complete 
|  32|0x0000000745800000, 0x0000000745a00000, 0x0000000745a00000|100%| E|CS|TAMS 0x0000000745800000, 0x0000000745800000| Complete 
|  33|0x0000000745a00000, 0x0000000745c00000, 0x0000000745c00000|100%| E|CS|TAMS 0x0000000745a00000, 0x0000000745a00000| Complete 
|  34|0x0000000745c00000, 0x0000000745e00000, 0x0000000745e00000|100%| E|CS|TAMS 0x0000000745c00000, 0x0000000745c00000| Complete 
|  35|0x0000000745e00000, 0x0000000746000000, 0x0000000746000000|100%| E|CS|TAMS 0x0000000745e00000, 0x0000000745e00000| Complete 
|  36|0x0000000746000000, 0x0000000746200000, 0x0000000746200000|100%| E|CS|TAMS 0x0000000746000000, 0x0000000746000000| Complete 
|  37|0x0000000746200000, 0x0000000746400000, 0x0000000746400000|100%| E|CS|TAMS 0x0000000746200000, 0x0000000746200000| Complete 
|  38|0x0000000746400000, 0x0000000746600000, 0x0000000746600000|100%| E|CS|TAMS 0x0000000746400000, 0x0000000746400000| Complete 
|  39|0x0000000746600000, 0x0000000746800000, 0x0000000746800000|100%| E|CS|TAMS 0x0000000746600000, 0x0000000746600000| Complete 
|  40|0x0000000746800000, 0x0000000746a00000, 0x0000000746a00000|100%| E|CS|TAMS 0x0000000746800000, 0x0000000746800000| Complete 
|  41|0x0000000746a00000, 0x0000000746c00000, 0x0000000746c00000|100%| E|CS|TAMS 0x0000000746a00000, 0x0000000746a00000| Complete 
|  42|0x0000000746c00000, 0x0000000746e00000, 0x0000000746e00000|100%| E|CS|TAMS 0x0000000746c00000, 0x0000000746c00000| Complete 
|  43|0x0000000746e00000, 0x0000000746e83730, 0x0000000747000000| 25%| S|CS|TAMS 0x0000000746e00000, 0x0000000746e00000| Complete 
|  44|0x0000000747000000, 0x0000000747200000, 0x0000000747200000|100%| S|CS|TAMS 0x0000000747000000, 0x0000000747000000| Complete 
|  45|0x0000000747200000, 0x0000000747400000, 0x0000000747400000|100%| E|CS|TAMS 0x0000000747200000, 0x0000000747200000| Complete 
|  46|0x0000000747400000, 0x0000000747600000, 0x0000000747600000|100%| E|CS|TAMS 0x0000000747400000, 0x0000000747400000| Complete 
|  47|0x0000000747600000, 0x0000000747800000, 0x0000000747800000|100%| E|CS|TAMS 0x0000000747600000, 0x0000000747600000| Complete 
|  48|0x0000000747800000, 0x0000000747a00000, 0x0000000747a00000|100%| E|CS|TAMS 0x0000000747800000, 0x0000000747800000| Complete 
|  49|0x0000000747a00000, 0x0000000747c00000, 0x0000000747c00000|100%| E|CS|TAMS 0x0000000747a00000, 0x0000000747a00000| Complete 
|  71|0x000000074a600000, 0x000000074a800000, 0x000000074a800000|100%| E|CS|TAMS 0x000000074a600000, 0x000000074a600000| Complete 
|  72|0x000000074a800000, 0x000000074aa00000, 0x000000074aa00000|100%| E|CS|TAMS 0x000000074a800000, 0x000000074a800000| Complete 
|  73|0x000000074aa00000, 0x000000074ac00000, 0x000000074ac00000|100%| E|CS|TAMS 0x000000074aa00000, 0x000000074aa00000| Complete 
|  74|0x000000074ac00000, 0x000000074ae00000, 0x000000074ae00000|100%| E|CS|TAMS 0x000000074ac00000, 0x000000074ac00000| Complete 
|  95|0x000000074d600000, 0x000000074d800000, 0x000000074d800000|100%| E|CS|TAMS 0x000000074d600000, 0x000000074d600000| Complete 

Card table byte_map: [0x000001d46d3e0000,0x000001d46d9e0000] _byte_map_base: 0x000001d4699d4000

Marking Bits (Prev, Next): (CMBitMap*) 0x000001d45a8aefa0, (CMBitMap*) 0x000001d45a8aefe0
 Prev Bits: [0x000001d46dfe0000, 0x000001d470f80000)
 Next Bits: [0x000001d470f80000, 0x000001d473f20000)

Polling page: 0x000001d4586d0000

Metaspace:

Usage:
  Non-class:     23.08 MB used.
      Class:      2.51 MB used.
       Both:     25.58 MB used.

Virtual space:
  Non-class space:       24.00 MB reserved,      23.19 MB ( 97%) committed,  3 nodes.
      Class space:        1.00 GB reserved,       2.62 MB ( <1%) committed,  1 nodes.
              Both:        1.02 GB reserved,      25.81 MB (  2%) committed. 

Chunk freelists:
   Non-Class:  848.00 KB
       Class:  1.39 MB
        Both:  2.22 MB

MaxMetaspaceSize: 17179869184.00 GB
CompressedClassSpaceSize: 1.00 GB
 - commit_granule_bytes: 65536.
 - commit_granule_words: 8192.
 - virtual_space_node_default_size: 1048576.
 - enlarge_chunks_in_place: 1.
 - new_chunks_are_fully_committed: 0.
 - uncommit_free_chunks: 1.
 - use_allocation_guard: 0.
 - handle_deallocations: 1.


Internal statistics:

num_allocs_failed_limit: 3.
num_arena_births: 110.
num_arena_deaths: 0.
num_vsnodes_births: 4.
num_vsnodes_deaths: 0.
num_space_committed: 413.
num_space_uncommitted: 0.
num_chunks_returned_to_freelist: 3.
num_chunks_taken_from_freelist: 729.
num_chunk_merges: 3.
num_chunk_splits: 503.
num_chunks_enlarged: 380.
num_purges: 0.

CodeHeap 'non-profiled nmethods': size=120000Kb used=2121Kb max_used=2121Kb free=117879Kb
 bounds [0x000001d4658b0000, 0x000001d465b20000, 0x000001d46cde0000]
CodeHeap 'profiled nmethods': size=120000Kb used=9277Kb max_used=9277Kb free=110722Kb
 bounds [0x000001d45e380000, 0x000001d45ec90000, 0x000001d4658b0000]
CodeHeap 'non-nmethods': size=5760Kb used=1216Kb max_used=1253Kb free=4543Kb
 bounds [0x000001d45dde0000, 0x000001d45e050000, 0x000001d45e380000]
 total_blobs=4746 nmethods=4236 adapters=422
 compilation: enabled
              stopped_count=0, restarted_count=0
 full_count=0

Compilation events (20 events):
Event: 6.284 Thread 0x000001d47707cec0 4242       3       sun.util.locale.provider.LocaleProviderAdapter::getAdapter (177 bytes)
Event: 6.285 Thread 0x000001d47707cec0 nmethod 4242 0x000001d45ec85e90 code [0x000001d45ec861e0, 0x000001d45ec87848]
Event: 6.286 Thread 0x000001d47707cec0 4243       3       java.lang.CharacterDataLatin1::isUpperCase (20 bytes)
Event: 6.286 Thread 0x000001d47707cec0 nmethod 4243 0x000001d45ec87e90 code [0x000001d45ec88040, 0x000001d45ec88258]
Event: 6.289 Thread 0x000001d47707cec0 4244       3       java.lang.StringUTF16::checkIndex (9 bytes)
Event: 6.289 Thread 0x000001d47707cec0 nmethod 4244 0x000001d45ec88390 code [0x000001d45ec88540, 0x000001d45ec886c8]
Event: 6.290 Thread 0x000001d47707cec0 4245  s    3       java.lang.StringBuffer::append (13 bytes)
Event: 6.290 Thread 0x000001d47707cec0 nmethod 4245 0x000001d45ec88810 code [0x000001d45ec889c0, 0x000001d45ec88be8]
Event: 6.290 Thread 0x000001d47707cec0 4246  s    1       java.lang.StringBuffer::length (5 bytes)
Event: 6.290 Thread 0x000001d47707cec0 nmethod 4246 0x000001d465ac1490 code [0x000001d465ac1620, 0x000001d465ac1798]
Event: 6.293 Thread 0x000001d47707cec0 4247       3       java.util.Formatter::ensureOpen (16 bytes)
Event: 6.293 Thread 0x000001d47707cec0 nmethod 4247 0x000001d45ec88c90 code [0x000001d45ec88e40, 0x000001d45ec89008]
Event: 6.294 Thread 0x000001d47707cec0 4248       1       java.text.DecimalFormatSymbols::getZeroDigit (5 bytes)
Event: 6.294 Thread 0x000001d47707cec0 nmethod 4248 0x000001d465ac1810 code [0x000001d465ac19a0, 0x000001d465ac1a78]
Event: 6.295 Thread 0x000001d47707cec0 4249       3       java.util.Calendar::internalGet (7 bytes)
Event: 6.295 Thread 0x000001d47707cec0 nmethod 4249 0x000001d45ec89110 code [0x000001d45ec892a0, 0x000001d45ec893d8]
Event: 6.296 Thread 0x000001d47707cec0 4250       1       sun.util.calendar.CalendarDate::getYear (5 bytes)
Event: 6.296 Thread 0x000001d47707cec0 nmethod 4250 0x000001d465ac1b10 code [0x000001d465ac1ca0, 0x000001d465ac1d78]
Event: 6.296 Thread 0x000001d47707cec0 4251       3       sun.nio.cs.UTF_8$Encoder::encodeArrayLoop (489 bytes)
Event: 6.299 Thread 0x000001d47707cec0 nmethod 4251 0x000001d45ec89490 code [0x000001d45ec89aa0, 0x000001d45ec8d168]

GC Heap History (18 events):
Event: 1.233 GC heap before
{Heap before GC invocations=0 (full 0):
 garbage-first heap   total 196608K, used 12288K [0x0000000741800000, 0x0000000800000000)
  region size 2048K, 6 young (12288K), 0 survivors (0K)
 Metaspace       used 11114K, committed 11264K, reserved 1064960K
  class space    used 1006K, committed 1088K, reserved 1048576K
}
Event: 1.239 GC heap after
{Heap after GC invocations=1 (full 0):
 garbage-first heap   total 196608K, used 3118K [0x0000000741800000, 0x0000000800000000)
  region size 2048K, 1 young (2048K), 1 survivors (2048K)
 Metaspace       used 11114K, committed 11264K, reserved 1064960K
  class space    used 1006K, committed 1088K, reserved 1048576K
}
Event: 1.553 GC heap before
{Heap before GC invocations=1 (full 0):
 garbage-first heap   total 196608K, used 13358K [0x0000000741800000, 0x0000000800000000)
  region size 2048K, 6 young (12288K), 1 survivors (2048K)
 Metaspace       used 13434K, committed 13568K, reserved 1064960K
  class space    used 1299K, committed 1344K, reserved 1048576K
}
Event: 1.559 GC heap after
{Heap after GC invocations=2 (full 0):
 garbage-first heap   total 196608K, used 3819K [0x0000000741800000, 0x0000000800000000)
  region size 2048K, 1 young (2048K), 1 survivors (2048K)
 Metaspace       used 13434K, committed 13568K, reserved 1064960K
  class space    used 1299K, committed 1344K, reserved 1048576K
}
Event: 2.274 GC heap before
{Heap before GC invocations=2 (full 0):
 garbage-first heap   total 196608K, used 32491K [0x0000000741800000, 0x0000000800000000)
  region size 2048K, 15 young (30720K), 1 survivors (2048K)
 Metaspace       used 17073K, committed 17280K, reserved 1064960K
  class space    used 1740K, committed 1856K, reserved 1048576K
}
Event: 2.282 GC heap after
{Heap after GC invocations=3 (full 0):
 garbage-first heap   total 196608K, used 5036K [0x0000000741800000, 0x0000000800000000)
  region size 2048K, 1 young (2048K), 1 survivors (2048K)
 Metaspace       used 17073K, committed 17280K, reserved 1064960K
  class space    used 1740K, committed 1856K, reserved 1048576K
}
Event: 3.484 GC heap before
{Heap before GC invocations=3 (full 0):
 garbage-first heap   total 196608K, used 43948K [0x0000000741800000, 0x0000000800000000)
  region size 2048K, 21 young (43008K), 1 survivors (2048K)
 Metaspace       used 21123K, committed 21248K, reserved 1073152K
  class space    used 2165K, committed 2240K, reserved 1048576K
}
Event: 3.497 GC heap after
{Heap after GC invocations=4 (full 0):
 garbage-first heap   total 196608K, used 9913K [0x0000000741800000, 0x0000000800000000)
  region size 2048K, 4 young (8192K), 4 survivors (8192K)
 Metaspace       used 21123K, committed 21248K, reserved 1073152K
  class space    used 2165K, committed 2240K, reserved 1048576K
}
Event: 4.222 GC heap before
{Heap before GC invocations=5 (full 0):
 garbage-first heap   total 49152K, used 46777K [0x0000000741800000, 0x0000000800000000)
  region size 2048K, 22 young (45056K), 4 survivors (8192K)
 Metaspace       used 21684K, committed 21824K, reserved 1073152K
  class space    used 2192K, committed 2240K, reserved 1048576K
}
Event: 4.240 GC heap after
{Heap after GC invocations=6 (full 0):
 garbage-first heap   total 59392K, used 12415K [0x0000000741800000, 0x0000000800000000)
  region size 2048K, 5 young (10240K), 5 survivors (10240K)
 Metaspace       used 21684K, committed 21824K, reserved 1073152K
  class space    used 2192K, committed 2240K, reserved 1048576K
}
Event: 4.768 GC heap before
{Heap before GC invocations=6 (full 0):
 garbage-first heap   total 59392K, used 34943K [0x0000000741800000, 0x0000000800000000)
  region size 2048K, 17 young (34816K), 5 survivors (10240K)
 Metaspace       used 22429K, committed 22656K, reserved 1073152K
  class space    used 2265K, committed 2368K, reserved 1048576K
}
Event: 4.786 GC heap after
{Heap after GC invocations=7 (full 0):
 garbage-first heap   total 59392K, used 13475K [0x0000000741800000, 0x0000000800000000)
  region size 2048K, 2 young (4096K), 2 survivors (4096K)
 Metaspace       used 22429K, committed 22656K, reserved 1073152K
  class space    used 2265K, committed 2368K, reserved 1048576K
}
Event: 4.838 GC heap before
{Heap before GC invocations=7 (full 0):
 garbage-first heap   total 59392K, used 21667K [0x0000000741800000, 0x0000000800000000)
  region size 2048K, 3 young (6144K), 2 survivors (4096K)
 Metaspace       used 22885K, committed 23104K, reserved 1073152K
  class space    used 2299K, committed 2368K, reserved 1048576K
}
Event: 4.847 GC heap after
{Heap after GC invocations=8 (full 0):
 garbage-first heap   total 71680K, used 22473K [0x0000000741800000, 0x0000000800000000)
  region size 2048K, 1 young (2048K), 1 survivors (2048K)
 Metaspace       used 22885K, committed 23104K, reserved 1073152K
  class space    used 2299K, committed 2368K, reserved 1048576K
}
Event: 4.848 GC heap before
{Heap before GC invocations=8 (full 0):
 garbage-first heap   total 71680K, used 34761K [0x0000000741800000, 0x0000000800000000)
  region size 2048K, 2 young (4096K), 1 survivors (2048K)
 Metaspace       used 22885K, committed 23104K, reserved 1073152K
  class space    used 2299K, committed 2368K, reserved 1048576K
}
Event: 4.852 GC heap after
{Heap after GC invocations=9 (full 0):
 garbage-first heap   total 71680K, used 34744K [0x0000000741800000, 0x0000000800000000)
  region size 2048K, 1 young (2048K), 1 survivors (2048K)
 Metaspace       used 22885K, committed 23104K, reserved 1073152K
  class space    used 2299K, committed 2368K, reserved 1048576K
}
Event: 5.413 GC heap before
{Heap before GC invocations=10 (full 0):
 garbage-first heap   total 112640K, used 81848K [0x0000000741800000, 0x0000000800000000)
  region size 2048K, 10 young (20480K), 1 survivors (2048K)
 Metaspace       used 23793K, committed 24064K, reserved 1073152K
  class space    used 2358K, committed 2496K, reserved 1048576K
}
Event: 5.420 GC heap after
{Heap after GC invocations=11 (full 0):
 garbage-first heap   total 112640K, used 14806K [0x0000000741800000, 0x0000000800000000)
  region size 2048K, 2 young (4096K), 2 survivors (4096K)
 Metaspace       used 23793K, committed 24064K, reserved 1073152K
  class space    used 2358K, committed 2496K, reserved 1048576K
}

Deoptimization events (20 events):
Event: 6.096 Thread 0x000001d45a869b50 Uncommon trap: trap_request=0xffffffde fr.pc=0x000001d4659dbc10 relative=0x0000000000000070
Event: 6.096 Thread 0x000001d45a869b50 Uncommon trap: reason=class_check action=maybe_recompile pc=0x000001d4659dbc10 method=java.util.Collections$UnmodifiableMap$UnmodifiableEntrySet$UnmodifiableEntry.getValue()Ljava/lang/Object; @ 4 c2
Event: 6.096 Thread 0x000001d45a869b50 DEOPT PACKING pc=0x000001d4659dbc10 sp=0x0000000e14ffdb30
Event: 6.096 Thread 0x000001d45a869b50 DEOPT UNPACKING pc=0x000001d45de2d72e sp=0x0000000e14ffdac0 mode 2
Event: 6.096 Thread 0x000001d45a869b50 Uncommon trap: trap_request=0xffffffde fr.pc=0x000001d4659d6298 relative=0x0000000000000078
Event: 6.096 Thread 0x000001d45a869b50 Uncommon trap: reason=class_check action=maybe_recompile pc=0x000001d4659d6298 method=java.util.Collections$UnmodifiableMap$UnmodifiableEntrySet$1.hasNext()Z @ 4 c2
Event: 6.096 Thread 0x000001d45a869b50 DEOPT PACKING pc=0x000001d4659d6298 sp=0x0000000e14ffdb40
Event: 6.096 Thread 0x000001d45a869b50 DEOPT UNPACKING pc=0x000001d45de2d72e sp=0x0000000e14ffdad0 mode 2
Event: 6.096 Thread 0x000001d45a869b50 Uncommon trap: trap_request=0xffffffde fr.pc=0x000001d4659e2490 relative=0x00000000000004d0
Event: 6.096 Thread 0x000001d45a869b50 Uncommon trap: reason=class_check action=maybe_recompile pc=0x000001d4659e2490 method=java.util.Collections$UnmodifiableMap$UnmodifiableEntrySet$1.next()Ljava/util/Map$Entry; @ 8 c2
Event: 6.096 Thread 0x000001d45a869b50 DEOPT PACKING pc=0x000001d4659e2490 sp=0x0000000e14ffdaf0
Event: 6.096 Thread 0x000001d45a869b50 DEOPT UNPACKING pc=0x000001d45de2d72e sp=0x0000000e14ffda60 mode 2
Event: 6.096 Thread 0x000001d45a869b50 Uncommon trap: trap_request=0xffffffde fr.pc=0x000001d4659d9e90 relative=0x0000000000000070
Event: 6.096 Thread 0x000001d45a869b50 Uncommon trap: reason=class_check action=maybe_recompile pc=0x000001d4659d9e90 method=java.util.Collections$UnmodifiableMap$UnmodifiableEntrySet$UnmodifiableEntry.getKey()Ljava/lang/Object; @ 4 c2
Event: 6.096 Thread 0x000001d45a869b50 DEOPT PACKING pc=0x000001d4659d9e90 sp=0x0000000e14ffdb30
Event: 6.096 Thread 0x000001d45a869b50 DEOPT UNPACKING pc=0x000001d45de2d72e sp=0x0000000e14ffdac0 mode 2
Event: 6.096 Thread 0x000001d45a869b50 Uncommon trap: trap_request=0xffffffde fr.pc=0x000001d4659dbc10 relative=0x0000000000000070
Event: 6.096 Thread 0x000001d45a869b50 Uncommon trap: reason=class_check action=maybe_recompile pc=0x000001d4659dbc10 method=java.util.Collections$UnmodifiableMap$UnmodifiableEntrySet$UnmodifiableEntry.getValue()Ljava/lang/Object; @ 4 c2
Event: 6.096 Thread 0x000001d45a869b50 DEOPT PACKING pc=0x000001d4659dbc10 sp=0x0000000e14ffdb30
Event: 6.096 Thread 0x000001d45a869b50 DEOPT UNPACKING pc=0x000001d45de2d72e sp=0x0000000e14ffdac0 mode 2

Classes unloaded (0 events):
No events

Classes redefined (0 events):
No events

Internal exceptions (19 events):
Event: 0.557 Thread 0x000001d45a869b50 Exception <a 'java/lang/NoSuchMethodError'{0x000000074d2b0938}: 'java.lang.Object java.lang.invoke.DirectMethodHandle$Holder.invokeStatic(java.lang.Object)'> (0x000000074d2b0938) 
thrown [t:\workspace\open\src\hotspot\share\interpreter\linkResolver.cpp, line 790]
Event: 0.562 Thread 0x000001d45a869b50 Exception <a 'java/lang/NoSuchMethodError'{0x000000074d2bae90}: 'java.lang.Object java.lang.invoke.DirectMethodHandle$Holder.invokeStaticInit(java.lang.Object, int, int, int, int)'> (0x000000074d2bae90) 
thrown [t:\workspace\open\src\hotspot\share\interpreter\linkResolver.cpp, line 790]
Event: 0.676 Thread 0x000001d45a869b50 Exception <a 'java/lang/NoSuchMethodError'{0x000000074d336818}: 'java.lang.Object java.lang.invoke.DirectMethodHandle$Holder.invokeStaticInit(java.lang.Object, java.lang.Object, int, int, int, int)'> (0x000000074d336818) 
thrown [t:\workspace\open\src\hotspot\share\interpreter\linkResolver.cpp, line 790]
Event: 1.205 Thread 0x000001d45a869b50 Exception <a 'java/lang/NoSuchMethodError'{0x000000074cd911f8}: 'void java.lang.invoke.DirectMethodHandle$Holder.invokeSpecial(java.lang.Object, java.lang.Object, java.lang.Object)'> (0x000000074cd911f8) 
thrown [t:\workspace\open\src\hotspot\share\interpreter\linkResolver.cpp, line 790]
Event: 1.405 Thread 0x000001d45a869b50 Exception <a 'java/lang/NoSuchMethodError'{0x000000074d327590}: 'java.lang.Object java.lang.invoke.DirectMethodHandle$Holder.newInvokeSpecial(java.lang.Object, java.lang.Object, java.lang.Object, java.lang.Object, java.lang.Object)'> (0x000000074d327590) 
thrown [t:\workspace\open\src\hotspot\share\interpreter\linkResolver.cpp, line 790]
Event: 2.577 Thread 0x000001d45a869b50 Exception <a 'java/lang/NoClassDefFoundError'{0x000000074cee1e60}: com/google/inject/servlet/ServletModuleTargetVisitor> (0x000000074cee1e60) 
thrown [t:\workspace\open\src\hotspot\share\classfile\systemDictionary.cpp, line 245]
Event: 2.578 Thread 0x000001d45a869b50 Exception <a 'java/lang/NoClassDefFoundError'{0x000000074cee59a8}: javax/annotation/Priority> (0x000000074cee59a8) 
thrown [t:\workspace\open\src\hotspot\share\classfile\systemDictionary.cpp, line 245]
Event: 2.828 Thread 0x000001d45a869b50 Implicit null exception at 0x000001d4658d54f2 to 0x000001d4658d5a5c
Event: 2.829 Thread 0x000001d45a869b50 Implicit null exception at 0x000001d4658d6872 to 0x000001d4658d6df0
Event: 4.124 Thread 0x000001d45a869b50 Implicit null exception at 0x000001d46595a46d to 0x000001d46595a638
Event: 4.124 Thread 0x000001d45a869b50 Implicit null exception at 0x000001d46592386d to 0x000001d465923a48
Event: 4.124 Thread 0x000001d45a869b50 Implicit null exception at 0x000001d46592e3af to 0x000001d46592e429
Event: 5.723 Thread 0x000001d45a869b50 Exception <a 'java/lang/NoSuchMethodError'{0x00000007474c0010}: 'java.lang.String org.apache.maven.execution.MavenExecutionRequest.getFailureBehavior()'> (0x00000007474c0010) 
thrown [t:\workspace\open\src\hotspot\share\interpreter\linkResolver.cpp, line 886]
Event: 5.737 Thread 0x000001d479541d50 Exception <a 'java/lang/NoSuchMethodError'{0x00000007477421e0}: 'java.lang.Object java.lang.invoke.DirectMethodHandle$Holder.invokeStaticInit(java.lang.Object)'> (0x00000007477421e0) 
thrown [t:\workspace\open\src\hotspot\share\interpreter\linkResolver.cpp, line 790]
Event: 5.741 Thread 0x000001d479541d50 Exception <a 'java/lang/NoSuchMethodError'{0x000000074774bdb0}: 'java.lang.Object java.lang.invoke.DirectMethodHandle$Holder.invokeStaticInit(java.lang.Object, java.lang.Object, long, java.lang.Object)'> (0x000000074774bdb0) 
thrown [t:\workspace\open\src\hotspot\share\interpreter\linkResolver.cpp, line 790]
Event: 5.745 Thread 0x000001d479541d50 Exception <a 'java/lang/NoSuchMethodError'{0x0000000747752a08}: 'java.lang.Object java.lang.invoke.DirectMethodHandle$Holder.newInvokeSpecial(java.lang.Object, java.lang.Object, long)'> (0x0000000747752a08) 
thrown [t:\workspace\open\src\hotspot\share\interpreter\linkResolver.cpp, line 790]
Event: 5.746 Thread 0x000001d479541d50 Exception <a 'java/lang/NoSuchMethodError'{0x0000000747756e08}: 'java.lang.Object java.lang.invoke.Invokers$Holder.linkToTargetMethod(java.lang.Object, long, java.lang.Object)'> (0x0000000747756e08) 
thrown [t:\workspace\open\src\hotspot\share\interpreter\linkResolver.cpp, line 790]
Event: 6.113 Thread 0x000001d45a869b50 Exception <a 'java/lang/NoSuchMethodError'{0x000000074585f048}: 'void java.lang.invoke.DirectMethodHandle$Holder.invokeStatic(java.lang.Object, long)'> (0x000000074585f048) 
thrown [t:\workspace\open\src\hotspot\share\interpreter\linkResolver.cpp, line 790]
Event: 6.115 Thread 0x000001d45a869b50 Exception <a 'java/lang/NoSuchMethodError'{0x0000000745864a50}: 'java.lang.Object java.lang.invoke.DirectMethodHandle$Holder.newInvokeSpecial(java.lang.Object, long)'> (0x0000000745864a50) 
thrown [t:\workspace\open\src\hotspot\share\interpreter\linkResolver.cpp, line 790]

Events (20 events):
Event: 6.100 loading class java/lang/ProcessImpl done
Event: 6.116 loading class java/lang/ProcessImpl$2
Event: 6.116 loading class java/lang/ProcessImpl$2 done
Event: 6.116 loading class java/lang/Process$PipeInputStream
Event: 6.116 loading class java/lang/Process$PipeInputStream done
Event: 6.117 Executing  VM operation: HandshakeAllThreads
Event: 6.117 Executing  VM operation: HandshakeAllThreads done
Event: 6.117 loading class jdk/internal/event/ProcessStartEvent
Event: 6.117 loading class jdk/internal/event/Event
Event: 6.117 loading class jdk/internal/event/Event done
Event: 6.117 loading class jdk/internal/event/ProcessStartEvent done
Event: 6.126 loading class java/io/PrintWriter
Event: 6.127 loading class java/io/PrintWriter done
Event: 6.127 Thread 0x000001d47a6c3640 Thread added: 0x000001d47a6c3640
Event: 6.128 Thread 0x000001d47a6c3b90 Thread added: 0x000001d47a6c3b90
Event: 6.128 Thread 0x000001d4790e6f10 Thread added: 0x000001d4790e6f10
Event: 6.286 loading class java/lang/Throwable$WrappedPrintWriter
Event: 6.286 loading class java/lang/Throwable$PrintStreamOrWriter
Event: 6.286 loading class java/lang/Throwable$PrintStreamOrWriter done
Event: 6.286 loading class java/lang/Throwable$WrappedPrintWriter done


Dynamic libraries:
0x00007ff63b690000 - 0x00007ff63b69e000 	D:\Software\eclipse-jee-2021-06-R-win32-x86_64\eclipse\plugins\org.eclipse.justj.openjdk.hotspot.jre.full.win32.x86_64_16.0.1.v20210528-1205\jre\bin\javaw.exe
0x00007ff945230000 - 0x00007ff945428000 	C:\Windows\SYSTEM32\ntdll.dll
0x00007ff945130000 - 0x00007ff9451ef000 	C:\Windows\System32\KERNEL32.DLL
0x00007ff942f90000 - 0x00007ff943286000 	C:\Windows\System32\KERNELBASE.dll
0x00007ff942b00000 - 0x00007ff942c00000 	C:\Windows\System32\ucrtbase.dll
0x00007ff927500000 - 0x00007ff927518000 	D:\Software\eclipse-jee-2021-06-R-win32-x86_64\eclipse\plugins\org.eclipse.justj.openjdk.hotspot.jre.full.win32.x86_64_16.0.1.v20210528-1205\jre\bin\jli.dll
0x00007ff943fa0000 - 0x00007ff94413d000 	C:\Windows\System32\USER32.dll
0x00007ff942c00000 - 0x00007ff942c22000 	C:\Windows\System32\win32u.dll
0x00007ff945100000 - 0x00007ff94512c000 	C:\Windows\System32\GDI32.dll
0x00007ff942e70000 - 0x00007ff942f85000 	C:\Windows\System32\gdi32full.dll
0x00007ff942910000 - 0x00007ff9429ad000 	C:\Windows\System32\msvcp_win.dll
0x00007ff916510000 - 0x00007ff916529000 	D:\Software\eclipse-jee-2021-06-R-win32-x86_64\eclipse\plugins\org.eclipse.justj.openjdk.hotspot.jre.full.win32.x86_64_16.0.1.v20210528-1205\jre\bin\VCRUNTIME140.dll
0x00007ff92ccd0000 - 0x00007ff92cf6a000 	C:\Windows\WinSxS\amd64_microsoft.windows.common-controls_6595b64144ccf1df_6.0.19041.1110_none_60b5254171f9507e\COMCTL32.dll
0x00007ff9441f0000 - 0x00007ff94428e000 	C:\Windows\System32\msvcrt.dll
0x00007ff944fc0000 - 0x00007ff944ff0000 	C:\Windows\System32\IMM32.DLL
0x00007ff93cd70000 - 0x00007ff93cd7c000 	D:\Software\eclipse-jee-2021-06-R-win32-x86_64\eclipse\plugins\org.eclipse.justj.openjdk.hotspot.jre.full.win32.x86_64_16.0.1.v20210528-1205\jre\bin\vcruntime140_1.dll
0x00007ff8ec8f0000 - 0x00007ff8ec981000 	D:\Software\eclipse-jee-2021-06-R-win32-x86_64\eclipse\plugins\org.eclipse.justj.openjdk.hotspot.jre.full.win32.x86_64_16.0.1.v20210528-1205\jre\bin\msvcp140.dll
0x00007ff8e87c0000 - 0x00007ff8e936b000 	D:\Software\eclipse-jee-2021-06-R-win32-x86_64\eclipse\plugins\org.eclipse.justj.openjdk.hotspot.jre.full.win32.x86_64_16.0.1.v20210528-1205\jre\bin\server\jvm.dll
0x00007ff944140000 - 0x00007ff9441ef000 	C:\Windows\System32\ADVAPI32.dll
0x00007ff943f00000 - 0x00007ff943f9c000 	C:\Windows\System32\sechost.dll
0x00007ff9446d0000 - 0x00007ff9447f6000 	C:\Windows\System32\RPCRT4.dll
0x00007ff944800000 - 0x00007ff944808000 	C:\Windows\System32\PSAPI.DLL
0x00007ff92cfb0000 - 0x00007ff92cfb9000 	C:\Windows\SYSTEM32\WSOCK32.dll
0x00007ff9443c0000 - 0x00007ff94442b000 	C:\Windows\System32\WS2_32.dll
0x00007ff92dd10000 - 0x00007ff92dd37000 	C:\Windows\SYSTEM32\WINMM.dll
0x00007ff938290000 - 0x00007ff93829a000 	C:\Windows\SYSTEM32\VERSION.dll
0x00007ff941110000 - 0x00007ff941122000 	C:\Windows\SYSTEM32\kernel.appcore.dll
0x00007ff9297b0000 - 0x00007ff9297ba000 	D:\Software\eclipse-jee-2021-06-R-win32-x86_64\eclipse\plugins\org.eclipse.justj.openjdk.hotspot.jre.full.win32.x86_64_16.0.1.v20210528-1205\jre\bin\jimage.dll
0x00007ff940ef0000 - 0x00007ff9410d4000 	C:\Windows\SYSTEM32\DBGHELP.DLL
0x00007ff92cf70000 - 0x00007ff92cfa4000 	C:\Windows\SYSTEM32\dbgcore.DLL
0x00007ff9429b0000 - 0x00007ff942a32000 	C:\Windows\System32\bcryptPrimitives.dll
0x00007ff907a30000 - 0x00007ff907a55000 	D:\Software\eclipse-jee-2021-06-R-win32-x86_64\eclipse\plugins\org.eclipse.justj.openjdk.hotspot.jre.full.win32.x86_64_16.0.1.v20210528-1205\jre\bin\java.dll
0x00007ff918f10000 - 0x00007ff918f28000 	D:\Software\eclipse-jee-2021-06-R-win32-x86_64\eclipse\plugins\org.eclipse.justj.openjdk.hotspot.jre.full.win32.x86_64_16.0.1.v20210528-1205\jre\bin\zip.dll
0x00007ff944870000 - 0x00007ff944fb4000 	C:\Windows\System32\SHELL32.dll
0x00007ff940690000 - 0x00007ff940e24000 	C:\Windows\SYSTEM32\windows.storage.dll
0x00007ff943290000 - 0x00007ff9435e4000 	C:\Windows\System32\combase.dll
0x00007ff9421a0000 - 0x00007ff9421ce000 	C:\Windows\SYSTEM32\Wldp.dll
0x00007ff944ff0000 - 0x00007ff94509d000 	C:\Windows\System32\SHCORE.dll
0x00007ff9450a0000 - 0x00007ff9450f5000 	C:\Windows\System32\shlwapi.dll
0x00007ff942840000 - 0x00007ff942865000 	C:\Windows\SYSTEM32\profapi.dll
0x00007ff8ec9b0000 - 0x00007ff8ec9c9000 	D:\Software\eclipse-jee-2021-06-R-win32-x86_64\eclipse\plugins\org.eclipse.justj.openjdk.hotspot.jre.full.win32.x86_64_16.0.1.v20210528-1205\jre\bin\net.dll
0x00007ff939ec0000 - 0x00007ff939fca000 	C:\Windows\SYSTEM32\WINHTTP.dll
0x00007ff941f80000 - 0x00007ff941fea000 	C:\Windows\system32\mswsock.dll
0x00007ff8ec990000 - 0x00007ff8ec9a3000 	D:\Software\eclipse-jee-2021-06-R-win32-x86_64\eclipse\plugins\org.eclipse.justj.openjdk.hotspot.jre.full.win32.x86_64_16.0.1.v20210528-1205\jre\bin\nio.dll
0x00007ff907a20000 - 0x00007ff907a30000 	D:\Software\eclipse-jee-2021-06-R-win32-x86_64\eclipse\plugins\org.eclipse.justj.openjdk.hotspot.jre.full.win32.x86_64_16.0.1.v20210528-1205\jre\bin\verify.dll
0x00007ff9421e0000 - 0x00007ff9421f8000 	C:\Windows\SYSTEM32\CRYPTSP.dll
0x00007ff9418c0000 - 0x00007ff9418f4000 	C:\Windows\system32\rsaenh.dll
0x00007ff942e40000 - 0x00007ff942e67000 	C:\Windows\System32\bcrypt.dll
0x00007ff942800000 - 0x00007ff94282e000 	C:\Windows\SYSTEM32\USERENV.dll
0x00007ff942110000 - 0x00007ff94211c000 	C:\Windows\SYSTEM32\CRYPTBASE.dll
0x00007ff941c90000 - 0x00007ff941ccc000 	C:\Windows\SYSTEM32\IPHLPAPI.DLL
0x00007ff9437b0000 - 0x00007ff9437b8000 	C:\Windows\System32\NSI.dll
0x00007ff93a7a0000 - 0x00007ff93a7b7000 	C:\Windows\SYSTEM32\dhcpcsvc6.DLL
0x00007ff93a370000 - 0x00007ff93a38d000 	C:\Windows\SYSTEM32\dhcpcsvc.DLL
0x00007ff941cd0000 - 0x00007ff941d9a000 	C:\Windows\SYSTEM32\DNSAPI.dll
0x00007ff938bb0000 - 0x00007ff938bba000 	C:\Users\Amit Jamwal\AppData\Local\Temp\jansi-1.17.1-13046863717784832554.dll
0x00007ff938af0000 - 0x00007ff938afa000 	C:\Users\Amit Jamwal\AppData\Local\Temp\jansi-1.17.1-17742874682014338226.dll

dbghelp: loaded successfully - version: 4.0.5 - missing functions: none
symbol engine: initialized successfully - sym options: 0x614 - pdb path: .;D:\Software\eclipse-jee-2021-06-R-win32-x86_64\eclipse\plugins\org.eclipse.justj.openjdk.hotspot.jre.full.win32.x86_64_16.0.1.v20210528-1205\jre\bin;C:\Windows\SYSTEM32;C:\Windows\WinSxS\amd64_microsoft.windows.common-controls_6595b64144ccf1df_6.0.19041.1110_none_60b5254171f9507e;D:\Software\eclipse-jee-2021-06-R-win32-x86_64\eclipse\plugins\org.eclipse.justj.openjdk.hotspot.jre.full.win32.x86_64_16.0.1.v20210528-1205\jre\bin\server;C:\Users\Amit Jamwal\AppData\Local\Temp

VM Arguments:
jvm_args: -Dmaven.home=EMBEDDED -Dclassworlds.conf=E:\Rajan Data\.metadata\.plugins\org.eclipse.m2e.launching\launches\m2conf3332868609603579882.tmp -Dmaven.multiModuleProjectDirectory=E:\Rajan Data\AzmoonBillingThread21To30 -Dfile.encoding=Cp1252 -XX:+ShowCodeDetailsInExceptionMessages 
java_command: org.codehaus.plexus.classworlds.launcher.Launcher -Ppom.xml -B package
java_class_path (initial): D:\Software\eclipse-jee-2021-06-R-win32-x86_64\eclipse\plugins\org.eclipse.m2e.maven.runtime_1.18.0.20210603-1206\jars\plexus-classworlds-2.6.0.jar
Launcher Type: SUN_STANDARD

[Global flags]
     intx CICompilerCount                          = 3                                         {product} {ergonomic}
     uint ConcGCThreads                            = 1                                         {product} {ergonomic}
     uint G1ConcRefinementThreads                  = 4                                         {product} {ergonomic}
   size_t G1HeapRegionSize                         = 2097152                                   {product} {ergonomic}
    uintx GCDrainStackTargetSize                   = 64                                        {product} {ergonomic}
   size_t InitialHeapSize                          = 201326592                                 {product} {ergonomic}
   size_t MarkStackSize                            = 4194304                                   {product} {ergonomic}
   size_t MaxHeapSize                              = 3196059648                                {product} {ergonomic}
   size_t MaxNewSize                               = 1916796928                                {product} {ergonomic}
   size_t MinHeapDeltaBytes                        = 2097152                                   {product} {ergonomic}
   size_t MinHeapSize                              = 8388608                                   {product} {ergonomic}
    uintx NonNMethodCodeHeapSize                   = 5832780                                {pd product} {ergonomic}
    uintx NonProfiledCodeHeapSize                  = 122912730                              {pd product} {ergonomic}
    uintx ProfiledCodeHeapSize                     = 122912730                              {pd product} {ergonomic}
    uintx ReservedCodeCacheSize                    = 251658240                              {pd product} {ergonomic}
     bool SegmentedCodeCache                       = true                                      {product} {ergonomic}
     bool ShowCodeDetailsInExceptionMessages       = true                                   {manageable} {command line}
   size_t SoftMaxHeapSize                          = 3196059648                             {manageable} {ergonomic}
     bool UseCompressedClassPointers               = true                           {product lp64_product} {ergonomic}
     bool UseCompressedOops                        = true                           {product lp64_product} {ergonomic}
     bool UseG1GC                                  = true                                      {product} {ergonomic}
     bool UseLargePagesIndividualAllocation        = false                                  {pd product} {ergonomic}

Logging:
Log output configuration:
 #0: stdout all=warning uptime,level,tags
 #1: stderr all=off uptime,level,tags

Environment Variables:
PATH=D:/Software/eclipse-jee-2021-06-R-win32-x86_64/eclipse//plugins/org.eclipse.justj.openjdk.hotspot.jre.full.win32.x86_64_16.0.1.v20210528-1205/jre/bin/server;D:/Software/eclipse-jee-2021-06-R-win32-x86_64/eclipse//plugins/org.eclipse.justj.openjdk.hotspot.jre.full.win32.x86_64_16.0.1.v20210528-1205/jre/bin;C:\Program Files\Common Files\Oracle\Java\javapath;C:\Windows\system32;C:\Windows;C:\Windows\System32\Wbem;C:\Windows\System32\WindowsPowerShell\v1.0\;C:\Windows\System32\OpenSSH\;C:\Program Files\PuTTY\;C:\Program Files\Git\cmd;C:\Users\Amit Jamwal\AppData\Roaming\nvm;C:\Program Files\nodejs;C:\Program Files\nodejs\;C:\Users\Amit Jamwal\AppData\Local\Microsoft\WindowsApps;C:\Users\Amit Jamwal\AppData\Local\Programs\Microsoft VS Code\bin;C:\Users\Amit Jamwal\AppData\Roaming\nvm;C:\Program Files\nodejs;C:\Users\Amit Jamwal\AppData\Roaming\npm;C:\Program Files\JetBrains\IntelliJ IDEA 2021.1\bin;;D:\Software\eclipse-jee-2021-06-R-win32-x86_64\eclipse;
USERNAME=Amit Jamwal
OS=Windows_NT
PROCESSOR_IDENTIFIER=Intel64 Family 6 Model 69 Stepping 1, GenuineIntel



---------------  S Y S T E M  ---------------

OS:
 Windows 10 , 64 bit Build 19041 (10.0.19041.3155)
OS uptime: 0 days 9:03 hours
Hyper-V role detected

CPU: total 4 (initial active 4) (2 cores per cpu, 2 threads per core) family 6 model 69 stepping 1 microcode 0x25, cx8, cmov, fxsr, ht, mmx, sse, sse2, sse3, ssse3, sse4.1, sse4.2, popcnt, lzcnt, tsc, tscinvbit, avx, avx2, aes, erms, clmul, bmi1, bmi2, fma, vzeroupper, clflush, hv

Memory: 4k page, system-wide physical 12185M (2441M free)
TotalPageFile size 15244M (AvailPageFile size 257M)
current process WorkingSet (physical memory assigned to process): 209M, peak: 213M
current process commit charge ("private bytes"): 244M, peak: 310M

vm_info: OpenJDK 64-Bit Server VM (16.0.1+9-24) for windows-amd64 JRE (16.0.1+9-24), built on Mar 26 2021 19:30:07 by "mach5one" with MS VC++ 16.7 (VS2019)

END.
